2021-05-31 10:32:42,595 INFO org.springframework.boot.StartupInfoLogger [restartedMain] Starting DependencyInsightAppApplication using Java 14.0.1 on Azza with PID 13952 (C:\workspace\johoco\opensource\dependency-insight-api\dependency-insight-api\web\target\classes started by johnh in C:\workspace\johoco\opensource\dependency-insight-api\dependency-insight-api\web)
2021-05-31 10:32:42,596 INFO org.springframework.boot.SpringApplication [restartedMain] The following profiles are active: local
2021-05-31 10:32:42,913 INFO org.springframework.data.repository.config.RepositoryConfigurationDelegate [restartedMain] Bootstrapping Spring Data ArangoDB repositories in DEFAULT mode.
2021-05-31 10:32:42,922 INFO org.springframework.data.repository.config.RepositoryConfigurationDelegate [restartedMain] Finished Spring Data repository scanning in 8 ms. Found 3 ArangoDB repository interfaces.
2021-05-31 10:32:43,048 INFO org.springframework.context.support.PostProcessorRegistrationDelegate$BeanPostProcessorChecker [restartedMain] Bean 'management.metrics-org.springframework.boot.actuate.autoconfigure.metrics.MetricsProperties' of type [org.springframework.boot.actuate.autoconfigure.metrics.MetricsProperties] is not eligible for getting processed by all BeanPostProcessors (for example: not eligible for auto-proxying)
2021-05-31 10:32:43,048 INFO org.springframework.context.support.PostProcessorRegistrationDelegate$BeanPostProcessorChecker [restartedMain] Bean 'org.springframework.boot.actuate.autoconfigure.metrics.data.RepositoryMetricsAutoConfiguration' of type [org.springframework.boot.actuate.autoconfigure.metrics.data.RepositoryMetricsAutoConfiguration] is not eligible for getting processed by all BeanPostProcessors (for example: not eligible for auto-proxying)
2021-05-31 10:32:43,048 INFO org.springframework.context.support.PostProcessorRegistrationDelegate$BeanPostProcessorChecker [restartedMain] Bean 'org.springframework.boot.actuate.autoconfigure.metrics.export.simple.SimpleMetricsExportAutoConfiguration' of type [org.springframework.boot.actuate.autoconfigure.metrics.export.simple.SimpleMetricsExportAutoConfiguration] is not eligible for getting processed by all BeanPostProcessors (for example: not eligible for auto-proxying)
2021-05-31 10:32:43,049 INFO org.springframework.context.support.PostProcessorRegistrationDelegate$BeanPostProcessorChecker [restartedMain] Bean 'management.metrics.export.simple-org.springframework.boot.actuate.autoconfigure.metrics.export.simple.SimpleProperties' of type [org.springframework.boot.actuate.autoconfigure.metrics.export.simple.SimpleProperties] is not eligible for getting processed by all BeanPostProcessors (for example: not eligible for auto-proxying)
2021-05-31 10:32:43,050 INFO org.springframework.context.support.PostProcessorRegistrationDelegate$BeanPostProcessorChecker [restartedMain] Bean 'simpleConfig' of type [org.springframework.boot.actuate.autoconfigure.metrics.export.simple.SimplePropertiesConfigAdapter] is not eligible for getting processed by all BeanPostProcessors (for example: not eligible for auto-proxying)
2021-05-31 10:32:43,050 INFO org.springframework.context.support.PostProcessorRegistrationDelegate$BeanPostProcessorChecker [restartedMain] Bean 'org.springframework.boot.actuate.autoconfigure.metrics.MetricsAutoConfiguration' of type [org.springframework.boot.actuate.autoconfigure.metrics.MetricsAutoConfiguration] is not eligible for getting processed by all BeanPostProcessors (for example: not eligible for auto-proxying)
2021-05-31 10:32:43,050 INFO org.springframework.context.support.PostProcessorRegistrationDelegate$BeanPostProcessorChecker [restartedMain] Bean 'micrometerClock' of type [io.micrometer.core.instrument.Clock$1] is not eligible for getting processed by all BeanPostProcessors (for example: not eligible for auto-proxying)
2021-05-31 10:32:43,051 INFO org.springframework.context.support.PostProcessorRegistrationDelegate$BeanPostProcessorChecker [restartedMain] Bean 'simpleMeterRegistry' of type [io.micrometer.core.instrument.simple.SimpleMeterRegistry] is not eligible for getting processed by all BeanPostProcessors (for example: not eligible for auto-proxying)
2021-05-31 10:32:43,051 INFO org.springframework.context.support.PostProcessorRegistrationDelegate$BeanPostProcessorChecker [restartedMain] Bean 'repositoryTagsProvider' of type [org.springframework.boot.actuate.metrics.data.DefaultRepositoryTagsProvider] is not eligible for getting processed by all BeanPostProcessors (for example: not eligible for auto-proxying)
2021-05-31 10:32:43,051 INFO org.springframework.context.support.PostProcessorRegistrationDelegate$BeanPostProcessorChecker [restartedMain] Bean 'metricsRepositoryMethodInvocationListener' of type [org.springframework.boot.actuate.metrics.data.MetricsRepositoryMethodInvocationListener] is not eligible for getting processed by all BeanPostProcessors (for example: not eligible for auto-proxying)
2021-05-31 10:32:43,072 INFO org.springframework.boot.web.embedded.tomcat.TomcatWebServer [restartedMain] Tomcat initialized with port(s): 8080 (http)
2021-05-31 10:32:43,073 INFO org.apache.juli.logging.DirectJDKLog [restartedMain] Starting service [Tomcat]
2021-05-31 10:32:43,073 INFO org.apache.juli.logging.DirectJDKLog [restartedMain] Starting Servlet engine: [Apache Tomcat/9.0.46]
2021-05-31 10:32:43,086 INFO org.apache.juli.logging.DirectJDKLog [restartedMain] Initializing Spring embedded WebApplicationContext
2021-05-31 10:32:43,086 INFO org.springframework.boot.web.servlet.context.ServletWebServerApplicationContext [restartedMain] Root WebApplicationContext: initialization completed in 485 ms
2021-05-31 10:32:43,122 INFO org.springframework.boot.devtools.autoconfigure.OptionalLiveReloadServer [restartedMain] LiveReload server is running on port 35729
2021-05-31 10:32:43,275 INFO org.springframework.boot.actuate.endpoint.web.EndpointLinksResolver [restartedMain] Exposing 1 endpoint(s) beneath base path '/actuator'
2021-05-31 10:32:43,287 INFO org.springframework.boot.web.embedded.tomcat.TomcatWebServer [restartedMain] Tomcat started on port(s): 8080 (http) with context path ''
2021-05-31 10:32:43,292 INFO org.springframework.boot.StartupInfoLogger [restartedMain] Started DependencyInsightAppApplication in 0.773 seconds (JVM running for 696.468)
2021-05-31 10:32:43,292 INFO org.springframework.boot.availability.ApplicationAvailabilityBean [restartedMain] Application availability state LivenessState changed to CORRECT
2021-05-31 10:32:43,293 INFO org.springframework.boot.devtools.autoconfigure.ConditionEvaluationDeltaLoggingListener [restartedMain] Condition evaluation unchanged
2021-05-31 10:32:43,294 INFO org.springframework.boot.availability.ApplicationAvailabilityBean [restartedMain] Application availability state ReadinessState changed to ACCEPTING_TRAFFIC
2021-05-31 10:33:48,243 INFO org.springframework.boot.availability.ApplicationAvailabilityBean [Thread-9] Application availability state ReadinessState changed from ACCEPTING_TRAFFIC to REFUSING_TRAFFIC
2021-05-31 10:33:48,354 INFO org.springframework.boot.StartupInfoLogger [restartedMain] Starting DependencyInsightAppApplication using Java 14.0.1 on Azza with PID 13952 (C:\workspace\johoco\opensource\dependency-insight-api\dependency-insight-api\web\target\classes started by johnh in C:\workspace\johoco\opensource\dependency-insight-api\dependency-insight-api\web)
2021-05-31 10:33:48,355 INFO org.springframework.boot.SpringApplication [restartedMain] The following profiles are active: local
2021-05-31 10:33:48,653 INFO org.springframework.data.repository.config.RepositoryConfigurationDelegate [restartedMain] Bootstrapping Spring Data ArangoDB repositories in DEFAULT mode.
2021-05-31 10:33:48,662 INFO org.springframework.data.repository.config.RepositoryConfigurationDelegate [restartedMain] Finished Spring Data repository scanning in 8 ms. Found 3 ArangoDB repository interfaces.
2021-05-31 10:33:48,770 INFO org.springframework.context.support.PostProcessorRegistrationDelegate$BeanPostProcessorChecker [restartedMain] Bean 'management.metrics-org.springframework.boot.actuate.autoconfigure.metrics.MetricsProperties' of type [org.springframework.boot.actuate.autoconfigure.metrics.MetricsProperties] is not eligible for getting processed by all BeanPostProcessors (for example: not eligible for auto-proxying)
2021-05-31 10:33:48,770 INFO org.springframework.context.support.PostProcessorRegistrationDelegate$BeanPostProcessorChecker [restartedMain] Bean 'org.springframework.boot.actuate.autoconfigure.metrics.data.RepositoryMetricsAutoConfiguration' of type [org.springframework.boot.actuate.autoconfigure.metrics.data.RepositoryMetricsAutoConfiguration] is not eligible for getting processed by all BeanPostProcessors (for example: not eligible for auto-proxying)
2021-05-31 10:33:48,770 INFO org.springframework.context.support.PostProcessorRegistrationDelegate$BeanPostProcessorChecker [restartedMain] Bean 'org.springframework.boot.actuate.autoconfigure.metrics.export.simple.SimpleMetricsExportAutoConfiguration' of type [org.springframework.boot.actuate.autoconfigure.metrics.export.simple.SimpleMetricsExportAutoConfiguration] is not eligible for getting processed by all BeanPostProcessors (for example: not eligible for auto-proxying)
2021-05-31 10:33:48,771 INFO org.springframework.context.support.PostProcessorRegistrationDelegate$BeanPostProcessorChecker [restartedMain] Bean 'management.metrics.export.simple-org.springframework.boot.actuate.autoconfigure.metrics.export.simple.SimpleProperties' of type [org.springframework.boot.actuate.autoconfigure.metrics.export.simple.SimpleProperties] is not eligible for getting processed by all BeanPostProcessors (for example: not eligible for auto-proxying)
2021-05-31 10:33:48,771 INFO org.springframework.context.support.PostProcessorRegistrationDelegate$BeanPostProcessorChecker [restartedMain] Bean 'simpleConfig' of type [org.springframework.boot.actuate.autoconfigure.metrics.export.simple.SimplePropertiesConfigAdapter] is not eligible for getting processed by all BeanPostProcessors (for example: not eligible for auto-proxying)
2021-05-31 10:33:48,772 INFO org.springframework.context.support.PostProcessorRegistrationDelegate$BeanPostProcessorChecker [restartedMain] Bean 'org.springframework.boot.actuate.autoconfigure.metrics.MetricsAutoConfiguration' of type [org.springframework.boot.actuate.autoconfigure.metrics.MetricsAutoConfiguration] is not eligible for getting processed by all BeanPostProcessors (for example: not eligible for auto-proxying)
2021-05-31 10:33:48,772 INFO org.springframework.context.support.PostProcessorRegistrationDelegate$BeanPostProcessorChecker [restartedMain] Bean 'micrometerClock' of type [io.micrometer.core.instrument.Clock$1] is not eligible for getting processed by all BeanPostProcessors (for example: not eligible for auto-proxying)
2021-05-31 10:33:48,772 INFO org.springframework.context.support.PostProcessorRegistrationDelegate$BeanPostProcessorChecker [restartedMain] Bean 'simpleMeterRegistry' of type [io.micrometer.core.instrument.simple.SimpleMeterRegistry] is not eligible for getting processed by all BeanPostProcessors (for example: not eligible for auto-proxying)
2021-05-31 10:33:48,772 INFO org.springframework.context.support.PostProcessorRegistrationDelegate$BeanPostProcessorChecker [restartedMain] Bean 'repositoryTagsProvider' of type [org.springframework.boot.actuate.metrics.data.DefaultRepositoryTagsProvider] is not eligible for getting processed by all BeanPostProcessors (for example: not eligible for auto-proxying)
2021-05-31 10:33:48,773 INFO org.springframework.context.support.PostProcessorRegistrationDelegate$BeanPostProcessorChecker [restartedMain] Bean 'metricsRepositoryMethodInvocationListener' of type [org.springframework.boot.actuate.metrics.data.MetricsRepositoryMethodInvocationListener] is not eligible for getting processed by all BeanPostProcessors (for example: not eligible for auto-proxying)
2021-05-31 10:33:48,789 INFO org.springframework.boot.web.embedded.tomcat.TomcatWebServer [restartedMain] Tomcat initialized with port(s): 8080 (http)
2021-05-31 10:33:48,790 INFO org.apache.juli.logging.DirectJDKLog [restartedMain] Starting service [Tomcat]
2021-05-31 10:33:48,790 INFO org.apache.juli.logging.DirectJDKLog [restartedMain] Starting Servlet engine: [Apache Tomcat/9.0.46]
2021-05-31 10:33:48,804 INFO org.apache.juli.logging.DirectJDKLog [restartedMain] Initializing Spring embedded WebApplicationContext
2021-05-31 10:33:48,804 INFO org.springframework.boot.web.servlet.context.ServletWebServerApplicationContext [restartedMain] Root WebApplicationContext: initialization completed in 446 ms
2021-05-31 10:33:48,834 DEBUG com.arangodb.internal.InternalArangoDBBuilder [restartedMain] Use SimpleHostResolver
2021-05-31 10:33:48,834 DEBUG com.arangodb.internal.net.HostSet [restartedMain] Added Host HostImpl [connectionPool=ConnectionPoolImpl [host=host[addr=localhost,port=8529], maxConnections=1, connections=0, current=0, factory=VstConnectionFactorySync], description=host[addr=localhost,port=8529], markforDeletion=false] - now 1 Hosts in List
2021-05-31 10:33:48,834 DEBUG com.arangodb.internal.InternalArangoDBBuilder [restartedMain] HostHandler is FallbackHostHandler
2021-05-31 10:33:48,834 DEBUG com.arangodb.internal.net.HostSet [restartedMain] Added Host HostImpl [connectionPool=ConnectionPoolImpl [host=host[addr=localhost,port=8529], maxConnections=1, connections=0, current=0, factory=VstConnectionFactorySync], description=host[addr=localhost,port=8529], markforDeletion=false] - now 1 Hosts in List
2021-05-31 10:33:48,834 DEBUG com.arangodb.internal.ArangoDBImpl [restartedMain] ArangoDB Client is ready to use
2021-05-31 10:33:48,844 INFO org.springframework.boot.devtools.autoconfigure.OptionalLiveReloadServer [restartedMain] LiveReload server is running on port 35729
2021-05-31 10:33:48,845 DEBUG com.arangodb.internal.velocystream.internal.VstConnection [restartedMain] [connection_1622475228845_0.44529591705412486]: Connection created
2021-05-31 10:33:48,845 DEBUG com.arangodb.internal.net.ConnectionPoolImpl [restartedMain] Return Connection connection_1622475228845_0.44529591705412486
2021-05-31 10:33:48,845 DEBUG com.arangodb.internal.velocystream.internal.VstConnection [restartedMain] [connection_1622475228845_0.44529591705412486]: Open connection to host[addr=localhost,port=8529]
2021-05-31 10:33:48,846 DEBUG com.arangodb.internal.velocystream.internal.VstConnection [restartedMain] [connection_1622475228845_0.44529591705412486]: Connected to Socket[addr=localhost/127.0.0.1,port=8529,localport=50914]
2021-05-31 10:33:48,846 DEBUG com.arangodb.internal.velocystream.internal.VstConnection [restartedMain] [connection_1622475228845_0.44529591705412486]: Send velocystream protocol header to Socket[addr=localhost/127.0.0.1,port=8529,localport=50914]
2021-05-31 10:33:48,847 DEBUG com.arangodb.internal.velocystream.internal.VstConnection [pool-3-thread-1] [connection_1622475228845_0.44529591705412486]: Start Callable
2021-05-31 10:33:48,847 DEBUG com.arangodb.internal.velocystream.VstCommunicationSync [restartedMain] Send Message (id=20, head=[1,1000,"plain","root","rootpassword"], body={})
2021-05-31 10:33:48,848 DEBUG com.arangodb.internal.velocystream.internal.VstConnection [restartedMain] [connection_1622475228845_0.44529591705412486]: Send chunk 1:1 from message 20
2021-05-31 10:33:48,850 DEBUG com.arangodb.internal.velocystream.internal.VstConnection [pool-3-thread-1] [connection_1622475228845_0.44529591705412486]: Received chunk 1:1 from message 20
2021-05-31 10:33:48,850 DEBUG com.arangodb.internal.velocystream.internal.VstConnection [pool-3-thread-1] [connection_1622475228845_0.44529591705412486]: Responsetime for Message 20 is 2
2021-05-31 10:33:48,850 DEBUG com.arangodb.internal.velocystream.internal.MessageStore [pool-3-thread-1] Received Message (id=20, head=[1,2,200,{}], body={"error":false,"errorNum":0,"code":200})
2021-05-31 10:33:48,851 DEBUG com.arangodb.internal.net.HostSet [restartedMain] Added Host HostImpl [connectionPool=ConnectionPoolImpl [host=host[addr=localhost,port=8529], maxConnections=1, connections=1, current=1, factory=VstConnectionFactorySync], description=host[addr=localhost,port=8529], markforDeletion=false] - now 1 Hosts in List
2021-05-31 10:33:48,851 DEBUG com.arangodb.internal.velocystream.VstCommunicationSync [restartedMain] Send Message (id=21, head=[1,1,"depinsight",1,"/_api/database/current",{},{"content-type":"application/x-velocypack","accept":"application/x-velocypack"}], body={})
2021-05-31 10:33:48,851 DEBUG com.arangodb.internal.velocystream.internal.VstConnection [restartedMain] [connection_1622475228845_0.44529591705412486]: Send chunk 1:1 from message 21
2021-05-31 10:33:48,852 DEBUG com.arangodb.internal.velocystream.internal.VstConnection [pool-3-thread-1] [connection_1622475228845_0.44529591705412486]: Received chunk 1:1 from message 21
2021-05-31 10:33:48,852 DEBUG com.arangodb.internal.velocystream.internal.VstConnection [pool-3-thread-1] [connection_1622475228845_0.44529591705412486]: Responsetime for Message 21 is 1
2021-05-31 10:33:48,853 DEBUG com.arangodb.internal.velocystream.internal.MessageStore [pool-3-thread-1] Received Message (id=21, head=[1,2,200,{}], body={"error":false,"code":200,"result":{"id":"368511","name":"depinsight","isSystem":false,"path":"none"}})
2021-05-31 10:33:48,853 DEBUG com.arangodb.internal.net.ConnectionPoolImpl [restartedMain] Return Connection connection_1622475228845_0.44529591705412486
2021-05-31 10:33:48,854 DEBUG com.arangodb.internal.velocystream.VstCommunicationSync [restartedMain] Send Message (id=22, head=[1,1,"depinsight",1,"/_api/collection/languages",{},{"content-type":"application/x-velocypack","accept":"application/x-velocypack"}], body={})
2021-05-31 10:33:48,854 DEBUG com.arangodb.internal.velocystream.internal.VstConnection [restartedMain] [connection_1622475228845_0.44529591705412486]: Send chunk 1:1 from message 22
2021-05-31 10:33:48,855 DEBUG com.arangodb.internal.velocystream.internal.VstConnection [pool-3-thread-1] [connection_1622475228845_0.44529591705412486]: Received chunk 1:1 from message 22
2021-05-31 10:33:48,856 DEBUG com.arangodb.internal.velocystream.internal.VstConnection [pool-3-thread-1] [connection_1622475228845_0.44529591705412486]: Responsetime for Message 22 is 2
2021-05-31 10:33:48,856 DEBUG com.arangodb.internal.velocystream.internal.MessageStore [pool-3-thread-1] Received Message (id=22, head=[1,2,200,{}], body={"error":false,"code":200,"type":2,"isSystem":false,"id":"375256","globallyUniqueId":"h727A083C655E/375256","name":"languages","status":3})
2021-05-31 10:33:48,865 DEBUG com.arangodb.internal.net.ConnectionPoolImpl [restartedMain] Return Connection connection_1622475228845_0.44529591705412486
2021-05-31 10:33:48,866 DEBUG com.arangodb.internal.velocystream.VstCommunicationSync [restartedMain] Send Message (id=23, head=[1,1,"depinsight",1,"/_api/collection/language_type",{},{"content-type":"application/x-velocypack","accept":"application/x-velocypack"}], body={})
2021-05-31 10:33:48,866 DEBUG com.arangodb.internal.velocystream.internal.VstConnection [restartedMain] [connection_1622475228845_0.44529591705412486]: Send chunk 1:1 from message 23
2021-05-31 10:33:48,868 DEBUG com.arangodb.internal.velocystream.internal.VstConnection [pool-3-thread-1] [connection_1622475228845_0.44529591705412486]: Received chunk 1:1 from message 23
2021-05-31 10:33:48,868 DEBUG com.arangodb.internal.velocystream.internal.VstConnection [pool-3-thread-1] [connection_1622475228845_0.44529591705412486]: Responsetime for Message 23 is 2
2021-05-31 10:33:48,868 DEBUG com.arangodb.internal.velocystream.internal.MessageStore [pool-3-thread-1] Received Message (id=23, head=[1,2,200,{}], body={"error":false,"code":200,"type":3,"isSystem":false,"id":"405726","globallyUniqueId":"h727A083C655E/405726","name":"language_type","status":3})
2021-05-31 10:33:48,868 DEBUG com.arangodb.internal.net.ConnectionPoolImpl [restartedMain] Return Connection connection_1622475228845_0.44529591705412486
2021-05-31 10:33:48,869 DEBUG com.arangodb.internal.velocystream.VstCommunicationSync [restartedMain] Send Message (id=24, head=[1,1,"depinsight",1,"/_api/collection/groupIds",{},{"content-type":"application/x-velocypack","accept":"application/x-velocypack"}], body={})
2021-05-31 10:33:48,869 DEBUG com.arangodb.internal.velocystream.internal.VstConnection [restartedMain] [connection_1622475228845_0.44529591705412486]: Send chunk 1:1 from message 24
2021-05-31 10:33:48,870 DEBUG com.arangodb.internal.velocystream.internal.VstConnection [pool-3-thread-1] [connection_1622475228845_0.44529591705412486]: Received chunk 1:1 from message 24
2021-05-31 10:33:48,870 DEBUG com.arangodb.internal.velocystream.internal.VstConnection [pool-3-thread-1] [connection_1622475228845_0.44529591705412486]: Responsetime for Message 24 is 1
2021-05-31 10:33:48,870 DEBUG com.arangodb.internal.velocystream.internal.MessageStore [pool-3-thread-1] Received Message (id=24, head=[1,2,200,{}], body={"error":false,"code":200,"type":2,"isSystem":false,"id":"375268","globallyUniqueId":"h727A083C655E/375268","name":"groupIds","status":3})
2021-05-31 10:33:48,970 INFO org.springframework.boot.actuate.endpoint.web.EndpointLinksResolver [restartedMain] Exposing 1 endpoint(s) beneath base path '/actuator'
2021-05-31 10:33:48,981 INFO org.springframework.boot.web.embedded.tomcat.TomcatWebServer [restartedMain] Tomcat started on port(s): 8080 (http) with context path ''
2021-05-31 10:33:48,985 INFO org.springframework.boot.StartupInfoLogger [restartedMain] Started DependencyInsightAppApplication in 0.669 seconds (JVM running for 762.161)
2021-05-31 10:33:48,986 INFO org.springframework.boot.availability.ApplicationAvailabilityBean [restartedMain] Application availability state LivenessState changed to CORRECT
2021-05-31 10:33:48,987 INFO org.springframework.boot.devtools.autoconfigure.ConditionEvaluationDeltaLoggingListener [restartedMain] Condition evaluation unchanged
2021-05-31 10:33:48,987 INFO org.springframework.boot.availability.ApplicationAvailabilityBean [restartedMain] Application availability state ReadinessState changed to ACCEPTING_TRAFFIC
2021-05-31 10:33:54,405 INFO org.apache.juli.logging.DirectJDKLog [http-nio-8080-exec-2] Initializing Spring DispatcherServlet 'dispatcherServlet'
2021-05-31 10:33:54,405 INFO org.springframework.web.servlet.FrameworkServlet [http-nio-8080-exec-2] Initializing Servlet 'dispatcherServlet'
2021-05-31 10:33:54,406 INFO org.springframework.web.servlet.FrameworkServlet [http-nio-8080-exec-2] Completed initialization in 1 ms
2021-05-31 10:33:54,408 DEBUG com.arangodb.internal.net.ConnectionPoolImpl [http-nio-8080-exec-2] Return Connection connection_1622475228845_0.44529591705412486
2021-05-31 10:33:54,409 DEBUG com.arangodb.internal.velocystream.VstCommunicationSync [http-nio-8080-exec-2] Send Message (id=25, head=[1,1,"depinsight",2,"/_api/cursor",{},{"content-type":"application/x-velocypack","accept":"application/x-velocypack"}], body={"bindVars":{"0":"SMALLTALK"},"query":"FOR e IN languages FILTER e.value == @0  RETURN e"})
2021-05-31 10:33:54,409 DEBUG com.arangodb.internal.velocystream.internal.VstConnection [http-nio-8080-exec-2] [connection_1622475228845_0.44529591705412486]: Send chunk 1:1 from message 25
2021-05-31 10:33:54,413 DEBUG com.arangodb.internal.velocystream.internal.VstConnection [pool-3-thread-1] [connection_1622475228845_0.44529591705412486]: Received chunk 1:1 from message 25
2021-05-31 10:33:54,413 DEBUG com.arangodb.internal.velocystream.internal.VstConnection [pool-3-thread-1] [connection_1622475228845_0.44529591705412486]: Responsetime for Message 25 is 4
2021-05-31 10:33:54,414 DEBUG com.arangodb.internal.velocystream.internal.MessageStore [pool-3-thread-1] Received Message (id=25, head=[1,2,201,{}], body={"result":[{"_key":"375297","_id":"languages/375297","_rev":"_ca_aG8q---","_class":"org.johoco.depinsight.domain.Language","value":"SMALLTALK"}],"hasMore":false,"cached":false,"extra":{"stats":{"writesExecuted":0,"writesIgnored":0,"scannedFull":1,"scannedIndex":0,"filtered":0,"httpRequests":0,"executionTime":0.0018151999975088984,"peakMemoryUsage":22980},"warnings":[]},"error":false,"code":201})
2021-05-31 10:33:54,415 DEBUG com.arangodb.internal.ArangoExecutorSync [http-nio-8080-exec-2] Response is MetaAware com.arangodb.entity.CursorEntity
2021-05-31 10:33:54,422 DEBUG com.arangodb.internal.net.ConnectionPoolImpl [http-nio-8080-exec-2] Return Connection connection_1622475228845_0.44529591705412486
2021-05-31 10:33:54,422 DEBUG com.arangodb.internal.velocystream.VstCommunicationSync [http-nio-8080-exec-2] Send Message (id=26, head=[1,1,"depinsight",2,"/_api/cursor",{},{"content-type":"application/x-velocypack","accept":"application/x-velocypack"}], body={"bindVars":{"0":"st2"},"query":"FOR e IN groupIds FILTER e.value == @0  RETURN e"})
2021-05-31 10:33:54,422 DEBUG com.arangodb.internal.velocystream.internal.VstConnection [http-nio-8080-exec-2] [connection_1622475228845_0.44529591705412486]: Send chunk 1:1 from message 26
2021-05-31 10:33:54,424 DEBUG com.arangodb.internal.velocystream.internal.VstConnection [pool-3-thread-1] [connection_1622475228845_0.44529591705412486]: Received chunk 1:1 from message 26
2021-05-31 10:33:54,424 DEBUG com.arangodb.internal.velocystream.internal.VstConnection [pool-3-thread-1] [connection_1622475228845_0.44529591705412486]: Responsetime for Message 26 is 2
2021-05-31 10:33:54,425 DEBUG com.arangodb.internal.velocystream.internal.MessageStore [pool-3-thread-1] Received Message (id=26, head=[1,2,201,{}], body={"result":[{"_key":"375608","_id":"groupIds/375608","_rev":"_ca_grSO---","_class":"org.johoco.depinsight.domain.GroupId","value":"st2"}],"hasMore":false,"cached":false,"extra":{"stats":{"writesExecuted":0,"writesIgnored":0,"scannedFull":1,"scannedIndex":0,"filtered":0,"httpRequests":0,"executionTime":2.5800000003073364E-4,"peakMemoryUsage":22973},"warnings":[]},"error":false,"code":201})
2021-05-31 10:33:54,425 DEBUG com.arangodb.internal.ArangoExecutorSync [http-nio-8080-exec-2] Response is MetaAware com.arangodb.entity.CursorEntity
2021-05-31 10:33:54,428 DEBUG com.arangodb.internal.net.ConnectionPoolImpl [http-nio-8080-exec-2] Return Connection connection_1622475228845_0.44529591705412486
2021-05-31 10:33:54,428 DEBUG com.arangodb.internal.velocystream.VstCommunicationSync [http-nio-8080-exec-2] Send Message (id=27, head=[1,1,"depinsight",2,"/_api/cursor",{},{"content-type":"application/x-velocypack","accept":"application/x-velocypack"}], body={"bindVars":{"start":"groupIds/375608","@vertex":"languages"},"query":"WITH @@vertex FOR v IN 1 .. 1 ANY @start language_type OPTIONS {bfs: true, uniqueVertices: \"global\"} LIMIT 1 RETURN v"})
2021-05-31 10:33:54,429 DEBUG com.arangodb.internal.velocystream.internal.VstConnection [http-nio-8080-exec-2] [connection_1622475228845_0.44529591705412486]: Send chunk 1:1 from message 27
2021-05-31 10:33:54,434 DEBUG com.arangodb.internal.velocystream.internal.VstConnection [pool-3-thread-1] [connection_1622475228845_0.44529591705412486]: Received chunk 1:1 from message 27
2021-05-31 10:33:54,434 DEBUG com.arangodb.internal.velocystream.internal.VstConnection [pool-3-thread-1] [connection_1622475228845_0.44529591705412486]: Responsetime for Message 27 is 5
2021-05-31 10:33:54,434 DEBUG com.arangodb.internal.velocystream.internal.MessageStore [pool-3-thread-1] Received Message (id=27, head=[1,2,201,{}], body={"result":[{"_key":"375297","_id":"languages/375297","_rev":"_ca_aG8q---","_class":"org.johoco.depinsight.domain.Language","value":"SMALLTALK"}],"hasMore":false,"cached":false,"extra":{"stats":{"writesExecuted":0,"writesIgnored":0,"scannedFull":0,"scannedIndex":1,"filtered":3,"httpRequests":0,"executionTime":0.0026920999953290448,"peakMemoryUsage":26908},"warnings":[]},"error":false,"code":201})
2021-05-31 10:33:54,434 DEBUG com.arangodb.internal.ArangoExecutorSync [http-nio-8080-exec-2] Response is MetaAware com.arangodb.entity.CursorEntity
2021-05-31 10:33:54,436 DEBUG com.arangodb.internal.net.ConnectionPoolImpl [http-nio-8080-exec-2] Return Connection connection_1622475228845_0.44529591705412486
2021-05-31 10:33:54,436 DEBUG com.arangodb.internal.velocystream.VstCommunicationSync [http-nio-8080-exec-2] Send Message (id=28, head=[1,1,"depinsight",2,"/_api/cursor",{},{"content-type":"application/x-velocypack","accept":"application/x-velocypack"}], body={"bindVars":{"0":{"value":"st2","_key":"375608","_class":"org.johoco.depinsight.domain.GroupId"},"1":{"value":"SMALLTALK","_key":"375297","_class":"org.johoco.depinsight.domain.Language"}},"query":"WITH languages, groupIds FOR e IN language_type FILTER e._from == @0 AND e._to == @1  RETURN e"})
2021-05-31 10:33:54,436 DEBUG com.arangodb.internal.velocystream.internal.VstConnection [http-nio-8080-exec-2] [connection_1622475228845_0.44529591705412486]: Send chunk 1:1 from message 28
2021-05-31 10:33:54,439 DEBUG com.arangodb.internal.velocystream.internal.VstConnection [pool-3-thread-1] [connection_1622475228845_0.44529591705412486]: Received chunk 1:1 from message 28
2021-05-31 10:33:54,440 DEBUG com.arangodb.internal.velocystream.internal.VstConnection [pool-3-thread-1] [connection_1622475228845_0.44529591705412486]: Responsetime for Message 28 is 3
2021-05-31 10:33:54,440 DEBUG com.arangodb.internal.velocystream.internal.MessageStore [pool-3-thread-1] Received Message (id=28, head=[1,2,201,{}], body={"result":[],"hasMore":false,"cached":false,"extra":{"stats":{"writesExecuted":0,"writesIgnored":0,"scannedFull":0,"scannedIndex":0,"filtered":0,"httpRequests":0,"executionTime":9.580999976606108E-4,"peakMemoryUsage":36256},"warnings":[]},"error":false,"code":201})
2021-05-31 10:33:54,440 DEBUG com.arangodb.internal.ArangoExecutorSync [http-nio-8080-exec-2] Response is MetaAware com.arangodb.entity.CursorEntity
2021-05-31 10:34:09,952 DEBUG com.arangodb.internal.net.ConnectionPoolImpl [http-nio-8080-exec-2] Return Connection connection_1622475228845_0.44529591705412486
2021-05-31 10:34:09,952 DEBUG com.arangodb.internal.velocystream.VstCommunicationSync [http-nio-8080-exec-2] Send Message (id=29, head=[1,1,"depinsight",2,"/_api/cursor",{},{"content-type":"application/x-velocypack","accept":"application/x-velocypack"}], body={"bindVars":{"doc":{"_from":"groupIds/375608","_to":"languages/375297","createdDate":"2021-05-31T15:33:54.435Z","_class":"org.johoco.depinsight.domain.relationship.LanguageType"},"@col":"language_type"},"query":"LET doc = @doc UPSERT { _key: doc._key } INSERT doc._key == null ? UNSET(doc, \"_key\") : doc REPLACE doc IN @@col OPTIONS { ignoreRevs: false } RETURN NEW"})
2021-05-31 10:34:09,952 DEBUG com.arangodb.internal.velocystream.internal.VstConnection [http-nio-8080-exec-2] [connection_1622475228845_0.44529591705412486]: Send chunk 1:1 from message 29
2021-05-31 10:34:09,959 DEBUG com.arangodb.internal.velocystream.internal.VstConnection [pool-3-thread-1] [connection_1622475228845_0.44529591705412486]: Received chunk 1:1 from message 29
2021-05-31 10:34:09,959 DEBUG com.arangodb.internal.velocystream.internal.VstConnection [pool-3-thread-1] [connection_1622475228845_0.44529591705412486]: Responsetime for Message 29 is 7
2021-05-31 10:34:09,959 DEBUG com.arangodb.internal.velocystream.internal.MessageStore [pool-3-thread-1] Received Message (id=29, head=[1,2,201,{}], body={"result":[{"_key":"407102","_id":"language_type/407102","_from":"groupIds/375608","_to":"languages/375297","_rev":"_caKNjZK---","_class":"org.johoco.depinsight.domain.relationship.LanguageType","createdDate":"2021-05-31T15:33:54.435Z"}],"hasMore":false,"cached":false,"extra":{"stats":{"writesExecuted":1,"writesIgnored":0,"scannedFull":0,"scannedIndex":0,"filtered":0,"httpRequests":0,"executionTime":0.003850699999020435,"peakMemoryUsage":79583},"warnings":[]},"error":false,"code":201})
2021-05-31 10:34:09,959 DEBUG com.arangodb.internal.ArangoExecutorSync [http-nio-8080-exec-2] Response is MetaAware com.arangodb.entity.CursorEntity
2021-05-31 10:34:09,960 DEBUG com.arangodb.internal.net.ConnectionPoolImpl [http-nio-8080-exec-2] Return Connection connection_1622475228845_0.44529591705412486
2021-05-31 10:34:09,960 DEBUG com.arangodb.internal.velocystream.VstCommunicationSync [http-nio-8080-exec-2] Send Message (id=30, head=[1,1,"depinsight",1,"/_api/document/groupIds/375608",{},{"content-type":"application/x-velocypack","accept":"application/x-velocypack"}], body={})
2021-05-31 10:34:09,960 DEBUG com.arangodb.internal.velocystream.internal.VstConnection [http-nio-8080-exec-2] [connection_1622475228845_0.44529591705412486]: Send chunk 1:1 from message 30
2021-05-31 10:34:09,962 DEBUG com.arangodb.internal.velocystream.internal.VstConnection [pool-3-thread-1] [connection_1622475228845_0.44529591705412486]: Received chunk 1:1 from message 30
2021-05-31 10:34:09,962 DEBUG com.arangodb.internal.velocystream.internal.VstConnection [pool-3-thread-1] [connection_1622475228845_0.44529591705412486]: Responsetime for Message 30 is 2
2021-05-31 10:34:09,962 DEBUG com.arangodb.internal.velocystream.internal.MessageStore [pool-3-thread-1] Received Message (id=30, head=[1,2,200,{"Etag":"\"_ca_grSO---\""}], body={"_key":"375608","_id":"groupIds/375608","_rev":"_ca_grSO---","_class":"org.johoco.depinsight.domain.GroupId","value":"st2"})
2021-05-31 10:34:09,962 DEBUG com.arangodb.internal.net.ConnectionPoolImpl [http-nio-8080-exec-2] Return Connection connection_1622475228845_0.44529591705412486
2021-05-31 10:34:09,963 DEBUG com.arangodb.internal.velocystream.VstCommunicationSync [http-nio-8080-exec-2] Send Message (id=31, head=[1,1,"depinsight",2,"/_api/cursor",{},{"content-type":"application/x-velocypack","accept":"application/x-velocypack"}], body={"bindVars":{"start":"groupIds/375608","@vertex":"languages"},"query":"WITH @@vertex FOR v IN 1 .. 1 ANY @start language_type OPTIONS {bfs: true, uniqueVertices: \"global\"} LIMIT 1 RETURN v"})
2021-05-31 10:34:09,963 DEBUG com.arangodb.internal.velocystream.internal.VstConnection [http-nio-8080-exec-2] [connection_1622475228845_0.44529591705412486]: Send chunk 1:1 from message 31
2021-05-31 10:34:09,965 DEBUG com.arangodb.internal.velocystream.internal.VstConnection [pool-3-thread-1] [connection_1622475228845_0.44529591705412486]: Received chunk 1:1 from message 31
2021-05-31 10:34:09,965 DEBUG com.arangodb.internal.velocystream.internal.VstConnection [pool-3-thread-1] [connection_1622475228845_0.44529591705412486]: Responsetime for Message 31 is 2
2021-05-31 10:34:09,965 DEBUG com.arangodb.internal.velocystream.internal.MessageStore [pool-3-thread-1] Received Message (id=31, head=[1,2,201,{}], body={"result":[{"_key":"375297","_id":"languages/375297","_rev":"_ca_aG8q---","_class":"org.johoco.depinsight.domain.Language","value":"SMALLTALK"}],"hasMore":false,"cached":false,"extra":{"stats":{"writesExecuted":0,"writesIgnored":0,"scannedFull":0,"scannedIndex":1,"filtered":4,"httpRequests":0,"executionTime":4.1590000182623044E-4,"peakMemoryUsage":26908},"warnings":[]},"error":false,"code":201})
2021-05-31 10:34:09,965 DEBUG com.arangodb.internal.ArangoExecutorSync [http-nio-8080-exec-2] Response is MetaAware com.arangodb.entity.CursorEntity
2021-05-31 10:34:09,966 DEBUG com.arangodb.internal.net.ConnectionPoolImpl [http-nio-8080-exec-2] Return Connection connection_1622475228845_0.44529591705412486
2021-05-31 10:34:09,966 DEBUG com.arangodb.internal.velocystream.VstCommunicationSync [http-nio-8080-exec-2] Send Message (id=32, head=[1,1,"depinsight",1,"/_api/document/languages/375297",{},{"content-type":"application/x-velocypack","accept":"application/x-velocypack"}], body={})
2021-05-31 10:34:09,966 DEBUG com.arangodb.internal.velocystream.internal.VstConnection [http-nio-8080-exec-2] [connection_1622475228845_0.44529591705412486]: Send chunk 1:1 from message 32
2021-05-31 10:34:09,968 DEBUG com.arangodb.internal.velocystream.internal.VstConnection [pool-3-thread-1] [connection_1622475228845_0.44529591705412486]: Received chunk 1:1 from message 32
2021-05-31 10:34:09,968 DEBUG com.arangodb.internal.velocystream.internal.VstConnection [pool-3-thread-1] [connection_1622475228845_0.44529591705412486]: Responsetime for Message 32 is 2
2021-05-31 10:34:09,968 DEBUG com.arangodb.internal.velocystream.internal.MessageStore [pool-3-thread-1] Received Message (id=32, head=[1,2,200,{"Etag":"\"_ca_aG8q---\""}], body={"_key":"375297","_id":"languages/375297","_rev":"_ca_aG8q---","_class":"org.johoco.depinsight.domain.Language","value":"SMALLTALK"})
2021-05-31 10:34:09,969 DEBUG com.arangodb.internal.net.ConnectionPoolImpl [http-nio-8080-exec-2] Return Connection connection_1622475228845_0.44529591705412486
2021-05-31 10:34:09,969 DEBUG com.arangodb.internal.velocystream.VstCommunicationSync [http-nio-8080-exec-2] Send Message (id=33, head=[1,1,"depinsight",2,"/_api/cursor",{},{"content-type":"application/x-velocypack","accept":"application/x-velocypack"}], body={"bindVars":{"@col":"languages"},"query":"FOR entity IN @@col RETURN entity"})
2021-05-31 10:34:09,970 DEBUG com.arangodb.internal.velocystream.internal.VstConnection [http-nio-8080-exec-2] [connection_1622475228845_0.44529591705412486]: Send chunk 1:1 from message 33
2021-05-31 10:34:09,971 DEBUG com.arangodb.internal.velocystream.internal.VstConnection [pool-3-thread-1] [connection_1622475228845_0.44529591705412486]: Received chunk 1:1 from message 33
2021-05-31 10:34:09,971 DEBUG com.arangodb.internal.velocystream.internal.VstConnection [pool-3-thread-1] [connection_1622475228845_0.44529591705412486]: Responsetime for Message 33 is 1
2021-05-31 10:34:09,971 DEBUG com.arangodb.internal.velocystream.internal.MessageStore [pool-3-thread-1] Received Message (id=33, head=[1,2,201,{}], body={"result":[{"_key":"375297","_id":"languages/375297","_rev":"_ca_aG8q---","_class":"org.johoco.depinsight.domain.Language","value":"SMALLTALK"}],"hasMore":false,"cached":false,"extra":{"stats":{"writesExecuted":0,"writesIgnored":0,"scannedFull":1,"scannedIndex":0,"filtered":0,"httpRequests":0,"executionTime":1.840999975684099E-4,"peakMemoryUsage":22276},"warnings":[]},"error":false,"code":201})
2021-05-31 10:34:09,972 DEBUG com.arangodb.internal.ArangoExecutorSync [http-nio-8080-exec-2] Response is MetaAware com.arangodb.entity.CursorEntity
2021-05-31 10:35:41,667 DEBUG com.arangodb.internal.net.ConnectionPoolImpl [http-nio-8080-exec-5] Return Connection connection_1622475228845_0.44529591705412486
2021-05-31 10:35:41,668 DEBUG com.arangodb.internal.velocystream.VstCommunicationSync [http-nio-8080-exec-5] Send Message (id=34, head=[1,1,"depinsight",2,"/_api/cursor",{},{"content-type":"application/x-velocypack","accept":"application/x-velocypack"}], body={"bindVars":{"0":"SMALLTALK"},"query":"FOR e IN languages FILTER e.value == @0  RETURN e"})
2021-05-31 10:35:41,668 DEBUG com.arangodb.internal.velocystream.internal.VstConnection [http-nio-8080-exec-5] [connection_1622475228845_0.44529591705412486]: Send chunk 1:1 from message 34
2021-05-31 10:35:41,674 DEBUG com.arangodb.internal.velocystream.internal.VstConnection [pool-3-thread-1] [connection_1622475228845_0.44529591705412486]: Received chunk 1:1 from message 34
2021-05-31 10:35:41,675 DEBUG com.arangodb.internal.velocystream.internal.VstConnection [pool-3-thread-1] [connection_1622475228845_0.44529591705412486]: Responsetime for Message 34 is 7
2021-05-31 10:35:41,675 DEBUG com.arangodb.internal.velocystream.internal.MessageStore [pool-3-thread-1] Received Message (id=34, head=[1,2,201,{}], body={"result":[{"_key":"375297","_id":"languages/375297","_rev":"_ca_aG8q---","_class":"org.johoco.depinsight.domain.Language","value":"SMALLTALK"}],"hasMore":false,"cached":false,"extra":{"stats":{"writesExecuted":0,"writesIgnored":0,"scannedFull":1,"scannedIndex":0,"filtered":0,"httpRequests":0,"executionTime":0.0021132999972905964,"peakMemoryUsage":22980},"warnings":[]},"error":false,"code":201})
2021-05-31 10:35:41,675 DEBUG com.arangodb.internal.ArangoExecutorSync [http-nio-8080-exec-5] Response is MetaAware com.arangodb.entity.CursorEntity
2021-05-31 10:35:41,677 DEBUG com.arangodb.internal.net.ConnectionPoolImpl [http-nio-8080-exec-5] Return Connection connection_1622475228845_0.44529591705412486
2021-05-31 10:35:41,677 DEBUG com.arangodb.internal.velocystream.VstCommunicationSync [http-nio-8080-exec-5] Send Message (id=35, head=[1,1,"depinsight",2,"/_api/cursor",{},{"content-type":"application/x-velocypack","accept":"application/x-velocypack"}], body={"bindVars":{"0":"st2"},"query":"FOR e IN groupIds FILTER e.value == @0  RETURN e"})
2021-05-31 10:35:41,677 DEBUG com.arangodb.internal.velocystream.internal.VstConnection [http-nio-8080-exec-5] [connection_1622475228845_0.44529591705412486]: Send chunk 1:1 from message 35
2021-05-31 10:35:41,679 DEBUG com.arangodb.internal.velocystream.internal.VstConnection [pool-3-thread-1] [connection_1622475228845_0.44529591705412486]: Received chunk 1:1 from message 35
2021-05-31 10:35:41,679 DEBUG com.arangodb.internal.velocystream.internal.VstConnection [pool-3-thread-1] [connection_1622475228845_0.44529591705412486]: Responsetime for Message 35 is 2
2021-05-31 10:35:41,679 DEBUG com.arangodb.internal.velocystream.internal.MessageStore [pool-3-thread-1] Received Message (id=35, head=[1,2,201,{}], body={"result":[{"_key":"375608","_id":"groupIds/375608","_rev":"_ca_grSO---","_class":"org.johoco.depinsight.domain.GroupId","value":"st2"}],"hasMore":false,"cached":false,"extra":{"stats":{"writesExecuted":0,"writesIgnored":0,"scannedFull":1,"scannedIndex":0,"filtered":0,"httpRequests":0,"executionTime":1.9540000357665122E-4,"peakMemoryUsage":22973},"warnings":[]},"error":false,"code":201})
2021-05-31 10:35:41,680 DEBUG com.arangodb.internal.ArangoExecutorSync [http-nio-8080-exec-5] Response is MetaAware com.arangodb.entity.CursorEntity
2021-05-31 10:35:41,681 DEBUG com.arangodb.internal.net.ConnectionPoolImpl [http-nio-8080-exec-5] Return Connection connection_1622475228845_0.44529591705412486
2021-05-31 10:35:41,681 DEBUG com.arangodb.internal.velocystream.VstCommunicationSync [http-nio-8080-exec-5] Send Message (id=36, head=[1,1,"depinsight",2,"/_api/cursor",{},{"content-type":"application/x-velocypack","accept":"application/x-velocypack"}], body={"bindVars":{"start":"groupIds/375608","@vertex":"languages"},"query":"WITH @@vertex FOR v IN 1 .. 1 ANY @start language_type OPTIONS {bfs: true, uniqueVertices: \"global\"} LIMIT 1 RETURN v"})
2021-05-31 10:35:41,681 DEBUG com.arangodb.internal.velocystream.internal.VstConnection [http-nio-8080-exec-5] [connection_1622475228845_0.44529591705412486]: Send chunk 1:1 from message 36
2021-05-31 10:35:41,685 DEBUG com.arangodb.internal.velocystream.internal.VstConnection [pool-3-thread-1] [connection_1622475228845_0.44529591705412486]: Received chunk 1:1 from message 36
2021-05-31 10:35:41,685 DEBUG com.arangodb.internal.velocystream.internal.VstConnection [pool-3-thread-1] [connection_1622475228845_0.44529591705412486]: Responsetime for Message 36 is 4
2021-05-31 10:35:41,685 DEBUG com.arangodb.internal.velocystream.internal.MessageStore [pool-3-thread-1] Received Message (id=36, head=[1,2,201,{}], body={"result":[{"_key":"375297","_id":"languages/375297","_rev":"_ca_aG8q---","_class":"org.johoco.depinsight.domain.Language","value":"SMALLTALK"}],"hasMore":false,"cached":false,"extra":{"stats":{"writesExecuted":0,"writesIgnored":0,"scannedFull":0,"scannedIndex":1,"filtered":4,"httpRequests":0,"executionTime":0.0018838999967556447,"peakMemoryUsage":26908},"warnings":[]},"error":false,"code":201})
2021-05-31 10:35:41,685 DEBUG com.arangodb.internal.ArangoExecutorSync [http-nio-8080-exec-5] Response is MetaAware com.arangodb.entity.CursorEntity
2021-05-31 10:35:49,975 DEBUG com.arangodb.internal.net.ConnectionPoolImpl [http-nio-8080-exec-5] Return Connection connection_1622475228845_0.44529591705412486
2021-05-31 10:35:49,992 DEBUG com.arangodb.internal.velocystream.VstCommunicationSync [http-nio-8080-exec-5] Send Message (id=37, head=[1,1,"depinsight",2,"/_api/cursor",{},{"content-type":"application/x-velocypack","accept":"application/x-velocypack"}], body={"bindVars":{"0":{"value":"st2","_key":"375608","_class":"org.johoco.depinsight.domain.GroupId"},"1":{"value":"SMALLTALK","_key":"375297","_class":"org.johoco.depinsight.domain.Language"}},"query":"WITH languages, groupIds FOR e IN language_type FILTER e._from == @0 AND e._to == @1  RETURN e"})
2021-05-31 10:35:50,000 DEBUG com.arangodb.internal.velocystream.internal.VstConnection [http-nio-8080-exec-5] [connection_1622475228845_0.44529591705412486]: Send chunk 1:1 from message 37
2021-05-31 10:35:50,009 DEBUG com.arangodb.internal.velocystream.internal.VstConnection [pool-3-thread-1] [connection_1622475228845_0.44529591705412486]: Received chunk 1:1 from message 37
2021-05-31 10:35:50,009 DEBUG com.arangodb.internal.velocystream.internal.VstConnection [pool-3-thread-1] [connection_1622475228845_0.44529591705412486]: Responsetime for Message 37 is 3
2021-05-31 10:35:50,009 DEBUG com.arangodb.internal.velocystream.internal.MessageStore [pool-3-thread-1] Received Message (id=37, head=[1,2,201,{}], body={"result":[],"hasMore":false,"cached":false,"extra":{"stats":{"writesExecuted":0,"writesIgnored":0,"scannedFull":0,"scannedIndex":0,"filtered":0,"httpRequests":0,"executionTime":5.825999978696927E-4,"peakMemoryUsage":36256},"warnings":[]},"error":false,"code":201})
2021-05-31 10:35:50,018 DEBUG com.arangodb.internal.ArangoExecutorSync [http-nio-8080-exec-5] Response is MetaAware com.arangodb.entity.CursorEntity
2021-05-31 10:37:43,175 DEBUG com.arangodb.internal.velocystream.internal.VstConnection [pool-2-thread-1] [connection_1622475163123_0.6288032616960495]: Close connection Socket[addr=localhost/127.0.0.1,port=8529,localport=50773]
2021-05-31 10:37:43,176 DEBUG com.arangodb.internal.velocystream.internal.VstConnection [pool-2-thread-1] [connection_1622475163123_0.6288032616960495]: Stop Callable
2021-05-31 10:40:50,110 DEBUG com.arangodb.internal.velocystream.internal.VstConnection [pool-3-thread-1] [connection_1622475228845_0.44529591705412486]: Close connection Socket[addr=localhost/127.0.0.1,port=8529,localport=50914]
2021-05-31 10:40:50,111 DEBUG com.arangodb.internal.velocystream.internal.VstConnection [pool-3-thread-1] [connection_1622475228845_0.44529591705412486]: Stop Callable
